\BOOKMARK [0][]{Doc-Start}{\315ndice Geral}{}% 1
\BOOKMARK [0][]{chapter*.1}{Lista de Figuras}{}% 2
\BOOKMARK [0][]{chapter.1}{Introdu\347\343o}{}% 3
\BOOKMARK [1][]{section.1.1}{Objectivos}{chapter.1}% 4
\BOOKMARK [1][]{section.1.2}{Problema}{chapter.1}% 5
\BOOKMARK [1][]{section.1.3}{Solu\347\343o}{chapter.1}% 6
\BOOKMARK [0][]{chapter.2}{Descri\347\343o Geral}{}% 7
\BOOKMARK [1][]{section.2.1}{Perspectiva}{chapter.2}% 8
\BOOKMARK [2][]{subsection.2.1.1}{Interfaces}{section.2.1}% 9
\BOOKMARK [2][]{subsection.2.1.2}{Fun\347\365es}{section.2.1}% 10
\BOOKMARK [2][]{subsection.2.1.3}{Caracter\355sticas do Utilizador}{section.2.1}% 11
\BOOKMARK [0][]{chapter.3}{Diagrama de Casos de Uso}{}% 12
\BOOKMARK [1][]{section.3.1}{EFECTUAR LOGIN}{chapter.3}% 13
\BOOKMARK [2][]{subsection.3.1.1}{Descri\347\343o}{section.3.1}% 14
\BOOKMARK [2][]{subsection.3.1.2}{Actores}{section.3.1}% 15
\BOOKMARK [2][]{subsection.3.1.3}{Cen\341rio Principal}{section.3.1}% 16
\BOOKMARK [2][]{subsection.3.1.4}{Extens\365es ou Varia\347\365es}{section.3.1}% 17
\BOOKMARK [1][]{section.3.2}{LISTAR AVALIA\307\325ES}{chapter.3}% 18
\BOOKMARK [2][]{subsection.3.2.1}{Descri\347\343o}{section.3.2}% 19
\BOOKMARK [2][]{subsection.3.2.2}{Pr\351-condi\347\365es}{section.3.2}% 20
\BOOKMARK [2][]{subsection.3.2.3}{Actores}{section.3.2}% 21
\BOOKMARK [2][]{subsection.3.2.4}{Cen\341rio Principal}{section.3.2}% 22
\BOOKMARK [2][]{subsection.3.2.5}{Extens\365es ou Varia\347\365es}{section.3.2}% 23
\BOOKMARK [1][]{section.3.3}{VALIDAR AVALIA\307\325ES}{chapter.3}% 24
\BOOKMARK [2][]{subsection.3.3.1}{Descri\347\343o}{section.3.3}% 25
\BOOKMARK [2][]{subsection.3.3.2}{Pr\351-condi\347\365es}{section.3.3}% 26
\BOOKMARK [2][]{subsection.3.3.3}{Actores}{section.3.3}% 27
\BOOKMARK [2][]{subsection.3.3.4}{Cen\341rio Principal}{section.3.3}% 28
\BOOKMARK [2][]{subsection.3.3.5}{Extens\365es ou Varia\347\365es}{section.3.3}% 29
\BOOKMARK [1][]{section.3.4}{MARCAR AVALIA\307\303O}{chapter.3}% 30
\BOOKMARK [2][]{subsection.3.4.1}{Descri\347\343o}{section.3.4}% 31
\BOOKMARK [2][]{subsection.3.4.2}{Pr\351-condi\347\365es}{section.3.4}% 32
\BOOKMARK [2][]{subsection.3.4.3}{Actores}{section.3.4}% 33
\BOOKMARK [2][]{subsection.3.4.4}{Cen\341rio Principal}{section.3.4}% 34
\BOOKMARK [2][]{subsection.3.4.5}{Extens\365es ou Varia\347\365es}{section.3.4}% 35
\BOOKMARK [1][]{section.3.5}{INSCREVER EM AVALIA\307\303O}{chapter.3}% 36
\BOOKMARK [2][]{subsection.3.5.1}{Descri\347\343o}{section.3.5}% 37
\BOOKMARK [2][]{subsection.3.5.2}{Pr\351-condi\347\365es}{section.3.5}% 38
\BOOKMARK [2][]{subsection.3.5.3}{Actores}{section.3.5}% 39
\BOOKMARK [2][]{subsection.3.5.4}{Cen\341rio Principal}{section.3.5}% 40
\BOOKMARK [2][]{subsection.3.5.5}{Extens\365es ou Varia\347\365es}{section.3.5}% 41
\BOOKMARK [0][]{chapter.4}{Modela\347\343o de Interfaces}{}% 42
\BOOKMARK [1][]{section.4.1}{Efectuar Login}{chapter.4}% 43
\BOOKMARK [1][]{section.4.2}{Inscrever em Momento de Avalia\347\343o}{chapter.4}% 44
\BOOKMARK [1][]{section.4.3}{Marcar e Cancelar Momento de Avalia\347\343o}{chapter.4}% 45
\BOOKMARK [1][]{section.4.4}{Validar e Cancelar Valida\347\343o de Momentos de Avalia\347\343o}{chapter.4}% 46
\BOOKMARK [0][]{chapter.5}{Modela\347\343o da Base de Dados}{}% 47
\BOOKMARK [0][]{chapter.6}{Modela\347\343o UML}{}% 48
\BOOKMARK [1][]{section.6.1}{Diagrama de Classes}{chapter.6}% 49
\BOOKMARK [1][]{section.6.2}{Diagramas de Sequ\352ncia}{chapter.6}% 50
\BOOKMARK [2][]{subsection.6.2.1}{Efectuar Login}{section.6.2}% 51
\BOOKMARK [2][]{subsection.6.2.2}{Listar Avalia\347\365es}{section.6.2}% 52
\BOOKMARK [2][]{subsection.6.2.3}{Inscri\347\343o em Avalia\347\343o}{section.6.2}% 53
\BOOKMARK [2][]{subsection.6.2.4}{Marcar Avalia\347\343o}{section.6.2}% 54
\BOOKMARK [2][]{subsection.6.2.5}{Validar Avalia\347\365es}{section.6.2}% 55
\BOOKMARK [0][]{chapter.7}{Implementa\347\343o}{}% 56
\BOOKMARK [1][]{section.7.1}{Introdu\347\343o}{chapter.7}% 57
\BOOKMARK [1][]{section.7.2}{Decis\365es Globais de Implementa\347\343o}{chapter.7}% 58
\BOOKMARK [2][]{subsection.7.2.1}{Tecnologias Utilizadas}{section.7.2}% 59
\BOOKMARK [2][]{subsection.7.2.2}{Armazenamento dos Dados}{section.7.2}% 60
\BOOKMARK [2][]{subsection.7.2.3}{Hierarquia de Ficheiros}{section.7.2}% 61
\BOOKMARK [1][]{section.7.3}{Decis\365es de Implementa\347\343o Espec\355ficas}{chapter.7}% 62
\BOOKMARK [2][]{subsection.7.3.1}{Liga\347\343o \340 Base de Dados}{section.7.3}% 63
\BOOKMARK [2][]{subsection.7.3.2}{Funcionamento do controlador principal}{section.7.3}% 64
\BOOKMARK [2][]{subsection.7.3.3}{Login}{section.7.3}% 65
\BOOKMARK [2][]{subsection.7.3.4}{Logout}{section.7.3}% 66
\BOOKMARK [2][]{subsection.7.3.5}{Listar Avalia\347\365es}{section.7.3}% 67
\BOOKMARK [2][]{subsection.7.3.6}{Ver Detalhes de Avalia\347\343o}{section.7.3}% 68
\BOOKMARK [2][]{subsection.7.3.7}{Marcar Avalia\347\343o}{section.7.3}% 69
\BOOKMARK [2][]{subsection.7.3.8}{Cancelar Avalia\347\343o}{section.7.3}% 70
\BOOKMARK [2][]{subsection.7.3.9}{Validar e Cancelar Valida\347\343o de Avalia\347\343o}{section.7.3}% 71
\BOOKMARK [2][]{subsection.7.3.10}{Inscrever e Cancelar Inscri\347\343o em Avalia\347\343o}{section.7.3}% 72
\BOOKMARK [0][]{chapter.8}{Conclus\343o}{}% 73
\BOOKMARK [0][]{appendix.A}{Ap\352ndices}{}% 74
\BOOKMARK [1][]{section.A.1}{index.php}{appendix.A}% 75
\BOOKMARK [1][]{section.A.2}{controller/MainController.php}{appendix.A}% 76
\BOOKMARK [1][]{section.A.3}{controller/UserController.php}{appendix.A}% 77
\BOOKMARK [1][]{section.A.4}{controller/CalendarController.php}{appendix.A}% 78
\BOOKMARK [1][]{section.A.5}{model/BD.php}{appendix.A}% 79
\BOOKMARK [1][]{section.A.6}{model/Calendar.php}{appendix.A}% 80
\BOOKMARK [1][]{section.A.7}{model/Coordinator.php}{appendix.A}% 81
\BOOKMARK [1][]{section.A.8}{model/Course.php}{appendix.A}% 82
\BOOKMARK [1][]{section.A.9}{model/Day.php}{appendix.A}% 83
\BOOKMARK [1][]{section.A.10}{model/Details.php}{appendix.A}% 84
\BOOKMARK [1][]{section.A.11}{model/Evaluation.php}{appendix.A}% 85
\BOOKMARK [1][]{section.A.12}{model/Role.php}{appendix.A}% 86
\BOOKMARK [1][]{section.A.13}{model/Student.php}{appendix.A}% 87
\BOOKMARK [1][]{section.A.14}{model/Teacher.php}{appendix.A}% 88
\BOOKMARK [1][]{section.A.15}{model/User.php}{appendix.A}% 89
\BOOKMARK [1][]{section.A.16}{view/View.php}{appendix.A}% 90
\BOOKMARK [1][]{section.A.17}{css/simple.css}{appendix.A}% 91
\BOOKMARK [1][]{section.A.18}{scripts/codes.js}{appendix.A}% 92
\BOOKMARK [1][]{section.A.19}{templates/b\137login.tpl}{appendix.A}% 93
\BOOKMARK [1][]{section.A.20}{templates/coordinator\137details.tpl}{appendix.A}% 94
\BOOKMARK [1][]{section.A.21}{templates/detalhes\137avaliacao.tpl}{appendix.A}% 95
\BOOKMARK [1][]{section.A.22}{templates/detalhes.tpl}{appendix.A}% 96
\BOOKMARK [1][]{section.A.23}{templates/identificacao.tpl}{appendix.A}% 97
\BOOKMARK [1][]{section.A.24}{templates/index.tpl}{appendix.A}% 98
\BOOKMARK [1][]{section.A.25}{templates/menu.tpl}{appendix.A}% 99
\BOOKMARK [1][]{section.A.26}{templates/monthly.tpl}{appendix.A}% 100
\BOOKMARK [1][]{section.A.27}{templates/new\137evaluation.tpl}{appendix.A}% 101
\BOOKMARK [1][]{section.A.28}{templates/painel\137login.tpl}{appendix.A}% 102
\BOOKMARK [1][]{section.A.29}{templates/rodape.tpl}{appendix.A}% 103
\BOOKMARK [1][]{section.A.30}{templates/student\137details.tpl}{appendix.A}% 104
\BOOKMARK [1][]{section.A.31}{templates/teacher\137details.tpl}{appendix.A}% 105
\BOOKMARK [1][]{section.A.32}{templates/teacher\137menu.tpl}{appendix.A}% 106
