This is pdfTeX, Version 3.1415926-2.4-1.40.13 (MiKTeX 2.9) (preloaded format=pdflatex 2013.4.5)  23 SEP 2013 21:31
entering extended mode
**relatorio.tex
(C:\pedro\phppcr\relatorio\relatorio.tex
LaTeX2e <2011/06/27>
Babel <v3.8m> and hyphenation patterns for english, afrikaans, ancientgreek, ar
abic, armenian, assamese, basque, bengali, bokmal, bulgarian, catalan, coptic, 
croatian, czech, danish, dutch, esperanto, estonian, farsi, finnish, french, ga
lician, german, german-x-2012-05-30, greek, gujarati, hindi, hungarian, iceland
ic, indonesian, interlingua, irish, italian, kannada, kurmanji, latin, latvian,
 lithuanian, malayalam, marathi, mongolian, mongolianlmc, monogreek, ngerman, n
german-x-2012-05-30, nynorsk, oriya, panjabi, pinyin, polish, portuguese, roman
ian, russian, sanskrit, serbian, slovak, slovenian, spanish, swedish, swissgerm
an, tamil, telugu, turkish, turkmen, ukenglish, ukrainian, uppersorbian, usengl
ishmax, welsh, loaded.
(C:\pedro\phppcr\relatorio\config.tex
("C:\Program Files\MiKTeX 2.9\tex\latex\base\report.cls"
Document Class: report 2007/10/19 v1.4h Standard LaTeX document class
("C:\Program Files\MiKTeX 2.9\tex\latex\base\size11.clo"
File: size11.clo 2007/10/19 v1.4h Standard LaTeX file (size option)
)
\c@part=\count79
\c@chapter=\count80
\c@section=\count81
\c@subsection=\count82
\c@subsubsection=\count83
\c@paragraph=\count84
\c@subparagraph=\count85
\c@figure=\count86
\c@table=\count87
\abovecaptionskip=\skip41
\belowcaptionskip=\skip42
\bibindent=\dimen102
)
("C:\Program Files\MiKTeX 2.9\tex\generic\babel\babel.sty"
Package: babel 2008/07/08 v3.8m The Babel package

*************************************
* Local config file bblopts.cfg used
*
("C:\Program Files\MiKTeX 2.9\tex\latex\00miktex\bblopts.cfg"
File: bblopts.cfg 2006/07/31 v1.0 MiKTeX 'babel' configuration
)
("C:\Program Files\MiKTeX 2.9\tex\generic\babel\portuges.ldf"
Language: portuges 2008/03/18 v1.2q Portuguese support from the babel system

("C:\Program Files\MiKTeX 2.9\tex\generic\babel\babel.def"
File: babel.def 2008/07/08 v3.8m Babel common definitions
\babel@savecnt=\count88
\U@D=\dimen103
)
Package babel Info: Making " an active character on input line 145.
))
(C:\Users\xU\AppData\Roaming\MiKTeX\2.9\tex\latex\enumitem\enumitem.sty
Package: enumitem 2011/09/28 v3.5.2 Customized lists
\enitkv@toks@=\toks14
\labelindent=\skip43
\enit@outerparindent=\dimen104
\enit@toks=\toks15
\enit@inbox=\box26
\enitdp@description=\count89
)
(C:\Users\xU\AppData\Roaming\MiKTeX\2.9\tex\latex\sectsty\sectsty.sty
Package: sectsty 2002/02/25 v2.0.2 Commands to change all sectional heading sty
les
)
("C:\Program Files\MiKTeX 2.9\tex\latex\graphics\color.sty"
Package: color 2005/11/14 v1.0j Standard LaTeX Color (DPC)

("C:\Program Files\MiKTeX 2.9\tex\latex\00miktex\color.cfg"
File: color.cfg 2007/01/18 v1.5 color configuration of teTeX/TeXLive
)
Package color Info: Driver file: pdftex.def on input line 130.

("C:\Program Files\MiKTeX 2.9\tex\latex\pdftex-def\pdftex.def"
File: pdftex.def 2011/05/27 v0.06d Graphics/color for pdfTeX

("C:\Program Files\MiKTeX 2.9\tex\generic\oberdiek\infwarerr.sty"
Package: infwarerr 2010/04/08 v1.3 Providing info/warning/error messages (HO)
)
("C:\Program Files\MiKTeX 2.9\tex\generic\oberdiek\ltxcmds.sty"
Package: ltxcmds 2011/11/09 v1.22 LaTeX kernel commands for general use (HO)
)
\Gread@gobject=\count90
))
("C:\Program Files\MiKTeX 2.9\tex\latex\hyperref\hyperref.sty"
Package: hyperref 2012/11/06 v6.83m Hypertext links for LaTeX

("C:\Program Files\MiKTeX 2.9\tex\generic\oberdiek\hobsub-hyperref.sty"
Package: hobsub-hyperref 2012/04/25 v1.12 Bundle oberdiek, subset hyperref (HO)


("C:\Program Files\MiKTeX 2.9\tex\generic\oberdiek\hobsub-generic.sty"
Package: hobsub-generic 2012/04/25 v1.12 Bundle oberdiek, subset generic (HO)
Package: hobsub 2012/04/25 v1.12 Construct package bundles (HO)
Package hobsub Info: Skipping package `infwarerr' (already loaded).
Package hobsub Info: Skipping package `ltxcmds' (already loaded).
Package: ifluatex 2010/03/01 v1.3 Provides the ifluatex switch (HO)
Package ifluatex Info: LuaTeX not detected.
Package: ifvtex 2010/03/01 v1.5 Detect VTeX and its facilities (HO)
Package ifvtex Info: VTeX not detected.
Package: intcalc 2007/09/27 v1.1 Expandable calculations with integers (HO)
Package: ifpdf 2011/01/30 v2.3 Provides the ifpdf switch (HO)
Package ifpdf Info: pdfTeX in PDF mode is detected.
Package: etexcmds 2011/02/16 v1.5 Avoid name clashes with e-TeX commands (HO)
Package etexcmds Info: Could not find \expanded.
(etexcmds)             That can mean that you are not using pdfTeX 1.50 or
(etexcmds)             that some package has redefined \expanded.
(etexcmds)             In the latter case, load this package earlier.
Package: kvsetkeys 2012/04/25 v1.16 Key value parser (HO)
Package: kvdefinekeys 2011/04/07 v1.3 Define keys (HO)
Package: pdftexcmds 2011/11/29 v0.20 Utility functions of pdfTeX for LuaTeX (HO
)
Package pdftexcmds Info: LuaTeX not detected.
Package pdftexcmds Info: \pdf@primitive is available.
Package pdftexcmds Info: \pdf@ifprimitive is available.
Package pdftexcmds Info: \pdfdraftmode found.
Package: pdfescape 2011/11/25 v1.13 Implements pdfTeX's escape features (HO)
Package: bigintcalc 2012/04/08 v1.3 Expandable calculations on big integers (HO
)
Package: bitset 2011/01/30 v1.1 Handle bit-vector datatype (HO)
Package: uniquecounter 2011/01/30 v1.2 Provide unlimited unique counter (HO)
)
Package hobsub Info: Skipping package `hobsub' (already loaded).
Package: letltxmacro 2010/09/02 v1.4 Let assignment for LaTeX macros (HO)
Package: hopatch 2011/06/24 v1.1 Wrapper for package hooks (HO)
Package: xcolor-patch 2011/01/30 xcolor patch
Package: atveryend 2011/06/30 v1.8 Hooks at the very end of document (HO)
Package atveryend Info: \enddocument detected (standard20110627).
Package: atbegshi 2011/10/05 v1.16 At begin shipout hook (HO)
Package: refcount 2011/10/16 v3.4 Data extraction from label references (HO)
Package: hycolor 2011/01/30 v1.7 Color options for hyperref/bookmark (HO)
)
("C:\Program Files\MiKTeX 2.9\tex\latex\graphics\keyval.sty"
Package: keyval 1999/03/16 v1.13 key=value parser (DPC)
\KV@toks@=\toks16
)
("C:\Program Files\MiKTeX 2.9\tex\generic\ifxetex\ifxetex.sty"
Package: ifxetex 2010/09/12 v0.6 Provides ifxetex conditional
)
("C:\Program Files\MiKTeX 2.9\tex\latex\oberdiek\auxhook.sty"
Package: auxhook 2011/03/04 v1.3 Hooks for auxiliary files (HO)
)
("C:\Program Files\MiKTeX 2.9\tex\latex\oberdiek\kvoptions.sty"
Package: kvoptions 2011/06/30 v3.11 Key value format for package options (HO)
)
\@linkdim=\dimen105
\Hy@linkcounter=\count91
\Hy@pagecounter=\count92

("C:\Program Files\MiKTeX 2.9\tex\latex\hyperref\pd1enc.def"
File: pd1enc.def 2012/11/06 v6.83m Hyperref: PDFDocEncoding definition (HO)
)
\Hy@SavedSpaceFactor=\count93

("C:\Program Files\MiKTeX 2.9\tex\latex\00miktex\hyperref.cfg"
File: hyperref.cfg 2002/06/06 v1.2 hyperref configuration of TeXLive
)
Package hyperref Info: Option `colorlinks' set `true' on input line 4319.


Package hyperref Warning: Values of option `pdfpagemode':
(hyperref)                * `UseNone'
(hyperref)                * `UseOutlines'
(hyperref)                * `UseThumbs'
(hyperref)                * `FullScreen'
(hyperref)                * `UseOC' (PDF 1.5)
(hyperref)                * `UseAttachments' (PDF 1.6)
(hyperref)                * An empty value disables the option.
(hyperref)                Unknown value `None' on input line 4319.

Package hyperref Info: Option `bookmarksopen' set `true' on input line 4319.
Package hyperref Info: Hyper figures OFF on input line 4443.
Package hyperref Info: Link nesting OFF on input line 4448.
Package hyperref Info: Hyper index ON on input line 4451.
Package hyperref Info: Plain pages OFF on input line 4458.
Package hyperref Info: Backreferencing OFF on input line 4463.
Package hyperref Info: Implicit mode ON; LaTeX internals redefined.
Package hyperref Info: Bookmarks ON on input line 4688.
\c@Hy@tempcnt=\count94
("C:\Program Files\MiKTeX 2.9\tex\latex\ltxmisc\url.sty"
\Urlmuskip=\muskip10
Package: url 2006/04/12  ver 3.3  Verb mode for urls, etc.
)
LaTeX Info: Redefining \url on input line 5041.
\XeTeXLinkMargin=\dimen106
\Fld@menulength=\count95
\Field@Width=\dimen107
\Fld@charsize=\dimen108
Package hyperref Info: Hyper figures OFF on input line 6295.
Package hyperref Info: Link nesting OFF on input line 6300.
Package hyperref Info: Hyper index ON on input line 6303.
Package hyperref Info: backreferencing OFF on input line 6310.
Package hyperref Info: Link coloring ON on input line 6313.
Package hyperref Info: Link coloring with OCG OFF on input line 6320.
Package hyperref Info: PDF/A mode OFF on input line 6325.
LaTeX Info: Redefining \ref on input line 6365.
LaTeX Info: Redefining \pageref on input line 6369.
\Hy@abspage=\count96
\c@Item=\count97
\c@Hfootnote=\count98
)

Package hyperref Message: Driver: hpdftex.

("C:\Program Files\MiKTeX 2.9\tex\latex\hyperref\hpdftex.def"
File: hpdftex.def 2012/11/06 v6.83m Hyperref driver for pdfTeX
\Fld@listcount=\count99
\c@bookmark@seq@number=\count100

("C:\Program Files\MiKTeX 2.9\tex\latex\oberdiek\rerunfilecheck.sty"
Package: rerunfilecheck 2011/04/15 v1.7 Rerun checks for auxiliary files (HO)
Package uniquecounter Info: New unique counter `rerunfilecheck' on input line 2
82.
)
\Hy@SectionHShift=\skip44
)
("C:\Program Files\MiKTeX 2.9\tex\latex\graphics\graphicx.sty"
Package: graphicx 1999/02/16 v1.0f Enhanced LaTeX Graphics (DPC,SPQR)

("C:\Program Files\MiKTeX 2.9\tex\latex\graphics\graphics.sty"
Package: graphics 2009/02/05 v1.0o Standard LaTeX Graphics (DPC,SPQR)

("C:\Program Files\MiKTeX 2.9\tex\latex\graphics\trig.sty"
Package: trig 1999/03/16 v1.09 sin cos tan (DPC)
)
("C:\Program Files\MiKTeX 2.9\tex\latex\00miktex\graphics.cfg"
File: graphics.cfg 2007/01/18 v1.5 graphics configuration of teTeX/TeXLive
)
Package graphics Info: Driver file: pdftex.def on input line 91.
)
\Gin@req@height=\dimen109
\Gin@req@width=\dimen110
)
("C:\Program Files\MiKTeX 2.9\tex\generic\thumbpdf\thumbpdf.sty"
Package: thumbpdf 2012/04/18 v3.15 Inclusion of thumbnails (HO)


Package thumbpdf Warning: Thumbnail data file `relatorio.tpt' not found.

) (C:\Users\xU\AppData\Roaming\MiKTeX\2.9\tex\latex\was\icomma.sty
Package: icomma 2002/03/10 v2.0 (WaS)
)
("C:\Program Files\MiKTeX 2.9\tex\latex\base\inputenc.sty"
Package: inputenc 2008/03/30 v1.1d Input encoding file
\inpenc@prehook=\toks17
\inpenc@posthook=\toks18

(C:\Users\xU\AppData\Roaming\MiKTeX\2.9\tex\latex\ucs\utf8x.def
File: utf8x.def 2004/10/17 UCS: Input encoding UTF-8
))
(C:\Users\xU\AppData\Roaming\MiKTeX\2.9\tex\latex\ucs\ucs.sty
Package: ucs 2004/10/17 UCS: Unicode input support

(C:\Users\xU\AppData\Roaming\MiKTeX\2.9\tex\latex\ucs\uni-global.def
File: uni-global.def 2012/08/28 UCS: Unicode global data
)
\uc@secondtry=\count101
\uc@combtoks=\toks19
\uc@combtoksb=\toks20
\uc@temptokena=\toks21
)
("C:\Program Files\MiKTeX 2.9\tex\latex\base\makeidx.sty"
Package: makeidx 2000/03/29 v1.0m Standard LaTeX package
)
(C:\Users\xU\AppData\Roaming\MiKTeX\2.9\tex\latex\listings\listings.sty
\lst@mode=\count102
\lst@gtempboxa=\box27
\lst@token=\toks22
\lst@length=\count103
\lst@currlwidth=\dimen111
\lst@column=\count104
\lst@pos=\count105
\lst@lostspace=\dimen112
\lst@width=\dimen113
\lst@newlines=\count106
\lst@lineno=\count107
\lst@maxwidth=\dimen114

(C:\Users\xU\AppData\Roaming\MiKTeX\2.9\tex\latex\listings\lstmisc.sty
File: lstmisc.sty 2007/02/22 1.4 (Carsten Heinz)
\c@lstnumber=\count108
\lst@skipnumbers=\count109
\lst@framebox=\box28
)
(C:\Users\xU\AppData\Roaming\MiKTeX\2.9\tex\latex\listings\listings.cfg
File: listings.cfg 2007/02/22 1.4 listings configuration
))
Package: listings 2007/02/22 1.4 (Carsten Heinz)

(C:\Users\xU\AppData\Roaming\MiKTeX\2.9\tex\latex\caption\caption.sty
Package: caption 2013/02/03 v3.3-65 Customizing captions (AR)

(C:\Users\xU\AppData\Roaming\MiKTeX\2.9\tex\latex\caption\caption3.sty
Package: caption3 2013/02/03 v1.5-62 caption3 kernel (AR)
\captionmargin=\dimen115
\captionmargin@=\dimen116
\captionwidth=\dimen117
\caption@tempdima=\dimen118
\caption@indent=\dimen119
\caption@parindent=\dimen120
\caption@hangindent=\dimen121
)
\c@ContinuedFloat=\count110
Package caption Info: hyperref package is loaded.
Package caption Info: listings package is loaded.
)
(C:\Users\xU\AppData\Roaming\MiKTeX\2.9\tex\latex\prettyref\prettyref.sty
Package: prettyref 1998/07/09 v3.0
)
Package color Info: Redefining color dkgreen on input line 85.
Package color Info: Redefining color gray on input line 86.
Package color Info: Redefining color mauve on input line 87.
Package color Info: Redefining color dkgreen on input line 101.
Package color Info: Redefining color gray on input line 102.
Package color Info: Redefining color mauve on input line 103.

(C:\Users\xU\AppData\Roaming\MiKTeX\2.9\tex\latex\listings\lstlang1.sty
File: lstlang1.sty 2004/09/05 1.3 listings language file
)
(C:\Users\xU\AppData\Roaming\MiKTeX\2.9\tex\latex\listings\lstlang2.sty
File: lstlang2.sty 2004/09/05 1.3 listings language file
)

LaTeX Warning: Unused global option(s):
    [a4wide,headsepline,bibtotoc].

(C:\pedro\phppcr\relatorio\relatorio.aux)
LaTeX Font Info:    Checking defaults for OML/cmm/m/it on input line 122.
LaTeX Font Info:    ... okay on input line 122.
LaTeX Font Info:    Checking defaults for T1/cmr/m/n on input line 122.
LaTeX Font Info:    ... okay on input line 122.
LaTeX Font Info:    Checking defaults for OT1/cmr/m/n on input line 122.
LaTeX Font Info:    ... okay on input line 122.
LaTeX Font Info:    Checking defaults for OMS/cmsy/m/n on input line 122.
LaTeX Font Info:    ... okay on input line 122.
LaTeX Font Info:    Checking defaults for OMX/cmex/m/n on input line 122.
LaTeX Font Info:    ... okay on input line 122.
LaTeX Font Info:    Checking defaults for U/cmr/m/n on input line 122.
LaTeX Font Info:    ... okay on input line 122.
LaTeX Font Info:    Checking defaults for PD1/pdf/m/n on input line 122.
LaTeX Font Info:    ... okay on input line 122.

(C:\Users\xU\AppData\Roaming\MiKTeX\2.9\tex\context\base\supp-pdf.mkii
[Loading MPS to PDF converter (version 2006.09.02).]
\scratchcounter=\count111
\scratchdimen=\dimen122
\scratchbox=\box29
\nofMPsegments=\count112
\nofMParguments=\count113
\everyMPshowfont=\toks23
\MPscratchCnt=\count114
\MPscratchDim=\dimen123
\MPnumerator=\count115
\makeMPintoPDFobject=\count116
\everyMPtoPDFconversion=\toks24
)
\AtBeginShipoutBox=\box30
Package hyperref Info: Link coloring ON on input line 122.
 ("C:\Program Files\MiKTeX 2.9\tex\latex\hyperref\nameref.sty"
Package: nameref 2012/10/27 v2.43 Cross-referencing by name of section

("C:\Program Files\MiKTeX 2.9\tex\generic\oberdiek\gettitlestring.sty"
Package: gettitlestring 2010/12/03 v1.4 Cleanup title references (HO)
)
\c@section@level=\count117
)
LaTeX Info: Redefining \ref on input line 122.
LaTeX Info: Redefining \pageref on input line 122.
LaTeX Info: Redefining \nameref on input line 122.

(C:\pedro\phppcr\relatorio\relatorio.out)
(C:\pedro\phppcr\relatorio\relatorio.out)
\@outlinefile=\write3

(C:\Users\xU\AppData\Roaming\MiKTeX\2.9\tex\latex\ucs\ucsencs.def
File: ucsencs.def 2011/01/21 Fixes to fontencodings LGR, T3
)
\c@lstlisting=\count118
Package caption Info: Begin \AtBeginDocument code.
Package caption Info: End \AtBeginDocument code.
)
(C:\pedro\phppcr\relatorio\rosto.tex
<logo.png, id=239, 646.415pt x 499.8675pt>
File: logo.png Graphic file (type png)
 <use logo.png>
Package pdftex.def Info: logo.png used on input line 6.
(pdftex.def)             Requested size: 68.28383pt x 52.79654pt.

(C:\Users\xU\AppData\Roaming\MiKTeX\2.9\tex\latex\ucs\uni-0.def
File: uni-0.def 2012/08/28 UCS: Unicode data U+0000..U+00FF
)
LaTeX Font Info:    External font `cmex10' loaded for size
(Font)              <10.95> on input line 22.
LaTeX Font Info:    External font `cmex10' loaded for size
(Font)              <8> on input line 22.
LaTeX Font Info:    External font `cmex10' loaded for size
(Font)              <6> on input line 22.
 [1

{C:/Users/xU/AppData/Local/MiKTeX/2.9/pdftex/config/pdftex.map} <C:/pedro/phppc
r/relatorio/logo.png>]) [2

]
LaTeX Font Info:    Try loading font information for OT1+phv on input line 10.
 ("C:\Program Files\MiKTeX 2.9\tex\latex\psnfss\ot1phv.fd"
File: ot1phv.fd 2001/06/04 scalable font definitions for OT1/phv.
)
(C:\pedro\phppcr\relatorio\relatorio.toc [3

])
\tf@toc=\write4
 [4]
(C:\pedro\phppcr\relatorio\relatorio.lof [5

])
\tf@lof=\write5
 [6]
(C:\pedro\phppcr\relatorio\introducao.tex
Cap\'{\i }tulo 1.

Underfull \hbox (badness 10000) in paragraph at lines 8--12

 []


Underfull \hbox (badness 10000) in paragraph at lines 17--20

 []

[7


]) (C:\pedro\phppcr\relatorio\descricao_geral.tex [8]
Cap\'{\i }tulo 2.

Underfull \hbox (badness 10000) in paragraph at lines 8--9

 []

[9

]) [10] (C:\pedro\phppcr\relatorio\casos_de_uso.tex
Cap\'{\i }tulo 3.
<imagens/casos_de_uso.jpg, id=419, 380.17032pt x 377.15906pt>
File: imagens/casos_de_uso.jpg Graphic file (type jpg)

<use imagens/casos_de_uso.jpg>
Package pdftex.def Info: imagens/casos_de_uso.jpg used on input line 11.
(pdftex.def)             Requested size: 380.16939pt x 377.15814pt.
) (C:\pedro\phppcr\relatorio\efectuar_login.tex
Underfull \hbox (badness 10000) in paragraph at lines 11--12

 []

[11


]
Underfull \hbox (badness 10000) in paragraph at lines 29--30

 []

[12 <C:/pedro/phppcr/relatorio/imagens/casos_de_uso.jpg>])
(C:\pedro\phppcr\relatorio\listar_avaliacoes.tex

LaTeX Warning: Reference `fig:listar_detalhes' on page 13 undefined on input li
ne 30.

[13]) (C:\pedro\phppcr\relatorio\gerir_momento_de_avaliacao.tex
Underfull \hbox (badness 10000) in paragraph at lines 32--33

 []

[14]) (C:\pedro\phppcr\relatorio\validar_avaliacoes.tex [15] [16])
(C:\pedro\phppcr\relatorio\visualizar_momentos_de_avaliacao.tex [17])
(C:\pedro\phppcr\relatorio\modelacao_de_interfaces.tex [18]
Cap\'{\i }tulo 4.
<imagens/login_i.jpg, id=479, 189.1065pt x 87.4467pt>
File: imagens/login_i.jpg Graphic file (type jpg)

<use imagens/login_i.jpg>
Package pdftex.def Info: imagens/login_i.jpg used on input line 6.
(pdftex.def)             Requested size: 189.10603pt x 87.44647pt.

<imagens/novo_registo_i.jpg, id=480, 191.0337pt x 283.7802pt>
File: imagens/novo_registo_i.jpg Graphic file (type jpg)

<use imagens/novo_registo_i.jpg>
Package pdftex.def Info: imagens/novo_registo_i.jpg used on input line 13.
(pdftex.def)             Requested size: 191.03322pt x 283.7795pt.

<imagens/alterar_registo_i.jpg, id=481, 406.1574pt x 211.2693pt>
File: imagens/alterar_registo_i.jpg Graphic file (type jpg)

<use imagens/alterar_registo_i.jpg>
Package pdftex.def Info: imagens/alterar_registo_i.jpg used on input line 20.
(pdftex.def)             Requested size: 406.1564pt x 211.26878pt.

<imagens/recuperar_password_i.jpg, id=482, 189.1065pt x 87.2058pt>
File: imagens/recuperar_password_i.jpg Graphic file (type jpg)

<use imagens/recuperar_password_i.jpg>
Package pdftex.def Info: imagens/recuperar_password_i.jpg used on input line 27
.
(pdftex.def)             Requested size: 189.10603pt x 87.20557pt.
 [19

 <C:/pedro/phppcr/relatorio/imagens/login_i.jpg>] [20 <C:/pedro/phppcr/relatori
o/imagens/novo_registo_i.jpg> <C:/pedro/phppcr/relatorio/imagens/alterar_regist
o_i.jpg>] [21 <C:/pedro/phppcr/relatorio/imagens/recuperar_password_i.jpg>]
<imagens/efectuar_inscricao_i.jpg, id=496, 402.303pt x 269.0853pt>
File: imagens/efectuar_inscricao_i.jpg Graphic file (type jpg)

<use imagens/efectuar_inscricao_i.jpg>
Package pdftex.def Info: imagens/efectuar_inscricao_i.jpg used on input line 37
.
(pdftex.def)             Requested size: 402.302pt x 269.08464pt.

<imagens/cancelar_inscricao_i.jpg, id=497, 402.303pt x 269.0853pt>
File: imagens/cancelar_inscricao_i.jpg Graphic file (type jpg)

<use imagens/cancelar_inscricao_i.jpg>
Package pdftex.def Info: imagens/cancelar_inscricao_i.jpg used on input line 44
.
(pdftex.def)             Requested size: 402.302pt x 269.08464pt.
 [22

 <C:/pedro/phppcr/relatorio/imagens/efectuar_inscricao_i.jpg> <C:/pedro/phppcr/
relatorio/imagens/cancelar_inscricao_i.jpg>]
<imagens/alterar_momento_de_avaliacao_i.jpg, id=502, 410.0118pt x 376.2858pt>
File: imagens/alterar_momento_de_avaliacao_i.jpg Graphic file (type jpg)

<use imagens/alterar_momento_de_avaliacao_i.jpg>
Package pdftex.def Info: imagens/alterar_momento_de_avaliacao_i.jpg used on inp
ut line 56.
(pdftex.def)             Requested size: 410.01079pt x 376.28487pt.

<imagens/cancelar_momento_de_avaliacao_i.jpg, id=503, 410.0118pt x 376.2858pt>
File: imagens/cancelar_momento_de_avaliacao_i.jpg Graphic file (type jpg)

<use imagens/cancelar_momento_de_avaliacao_i.jpg>
Package pdftex.def Info: imagens/cancelar_momento_de_avaliacao_i.jpg used on in
put line 63.
(pdftex.def)             Requested size: 410.01079pt x 376.28487pt.

<imagens/novo_momento_de_avaliacao_i.jpg, id=504, 421.0932pt x 398.4486pt>
File: imagens/novo_momento_de_avaliacao_i.jpg Graphic file (type jpg)

<use imagens/novo_momento_de_avaliacao_i.jpg>
Package pdftex.def Info: imagens/novo_momento_de_avaliacao_i.jpg used on input 
line 70.
(pdftex.def)             Requested size: 421.09216pt x 398.44762pt.
 [23

 <C:/pedro/phppcr/relatorio/imagens/alterar_momento_de_avaliacao_i.jpg>] [24 <C
:/pedro/phppcr/relatorio/imagens/cancelar_momento_de_avaliacao_i.jpg>] [25 <C:/
pedro/phppcr/relatorio/imagens/novo_momento_de_avaliacao_i.jpg>]
<imagens/validar_momento_de_avaliacao_i.jpg, id=518, 404.9529pt x 339.1872pt>
File: imagens/validar_momento_de_avaliacao_i.jpg Graphic file (type jpg)

<use imagens/validar_momento_de_avaliacao_i.jpg>
Package pdftex.def Info: imagens/validar_momento_de_avaliacao_i.jpg used on inp
ut line 81.
(pdftex.def)             Requested size: 404.9519pt x 339.18637pt.

<imagens/alterar_data_de_momento_de_avaliacao_i.jpg, id=519, 404.9529pt x 450.7
239pt>
File: imagens/alterar_data_de_momento_de_avaliacao_i.jpg Graphic file (type jpg
)
 <use imagens/alterar_data_de_momento_de_avaliacao_i.jpg>
Package pdftex.def Info: imagens/alterar_data_de_momento_de_avaliacao_i.jpg use
d on input line 88.
(pdftex.def)             Requested size: 404.9519pt x 450.7228pt.

<imagens/cancelar_validacao_de_momento_de_avaliacao_i.jpg, id=520, 404.9529pt x
 240.4182pt>
File: imagens/cancelar_validacao_de_momento_de_avaliacao_i.jpg Graphic file (ty
pe jpg)
 <use imagens/cancelar_validacao_de_momento_de_avaliacao_i.jpg>
Package pdftex.def Info: imagens/cancelar_validacao_de_momento_de_avaliacao_i.j
pg used on input line 95.
(pdftex.def)             Requested size: 404.9519pt x 240.4176pt.

[26

 <C:/pedro/phppcr/relatorio/imagens/validar_momento_de_avaliacao_i.jpg>]
[27 <C:/pedro/phppcr/relatorio/imagens/alterar_data_de_momento_de_avaliacao_i.j
pg>] [28 <C:/pedro/phppcr/relatorio/imagens/cancelar_validacao_de_momento_de_av
aliacao_i.jpg>]
<imagens/ver_detalhes_de_momento_de_avaliacao_i.jpg, id=533, 402.303pt x 498.18
12pt>
File: imagens/ver_detalhes_de_momento_de_avaliacao_i.jpg Graphic file (type jpg
)
 <use imagens/ver_detalhes_de_momento_de_avaliacao_i.jpg>
Package pdftex.def Info: imagens/ver_detalhes_de_momento_de_avaliacao_i.jpg use
d on input line 105.
(pdftex.def)             Requested size: 402.302pt x 498.17998pt.

<imagens/visualizar_momento_de_avaliacao_i.jpg, id=534, 402.303pt x 269.0853pt>
File: imagens/visualizar_momento_de_avaliacao_i.jpg Graphic file (type jpg)
<use imagens/visualizar_momento_de_avaliacao_i.jpg>
Package pdftex.def Info: imagens/visualizar_momento_de_avaliacao_i.jpg used on 
input line 112.
(pdftex.def)             Requested size: 402.302pt x 269.08464pt.

<imagens/visualizar_momentos_de_avaliacao_i.jpg, id=535, 406.8801pt x 605.3817p
t>
File: imagens/visualizar_momentos_de_avaliacao_i.jpg Graphic file (type jpg)
 <use imagens/visualizar_momentos_de_avaliacao_i.jpg>
Package pdftex.def Info: imagens/visualizar_momentos_de_avaliacao_i.jpg used on
 input line 119.
(pdftex.def)             Requested size: 406.8791pt x 605.38022pt.
)
(C:\pedro\phppcr\relatorio\modelacao_da_base_de_dados.tex [29

 <C:/pedro/phppcr/relatorio/imagens/ver_detalhes_de_momento_de_avaliacao_i.jpg>
] [30 <C:/pedro/phppcr/relatorio/imagens/visualizar_momento_de_avaliacao_i.jpg>
] [31 <C:/pedro/phppcr/relatorio/imagens/visualizar_momentos_de_avaliacao_i.jpg
>]
Cap\'{\i }tulo 5.
[32

]

LaTeX Warning: File `imagens/1.png' not found on input line 25.


! Package pdftex.def Error: File `imagens/1.png' not found.

See the pdftex.def package documentation for explanation.
Type  H <return>  for immediate help.
 ...                                              
                                                  
l.25 \includegraphics{imagens/1.png}
                                    
? 
) (C:\pedro\phppcr\relatorio\modelacao_uml.tex [33]
Cap\'{\i }tulo 6.

LaTeX Warning: File `imagens/diagrama_de_classes.jpg' not found on input line 6
.


! Package pdftex.def Error: File `imagens/diagrama_de_classes.jpg' not found.

See the pdftex.def package documentation for explanation.
Type  H <return>  for immediate help.
 ...                                              
                                                  
l.6 ...degraphics{imagens/diagrama_de_classes.jpg}
                                                  
? 
<imagens/login.jpg, id=559, 422.32782pt x 375.65344pt>
File: imagens/login.jpg Graphic file (type jpg)
 <use imagens/login.jpg>
Package pdftex.def Info: imagens/login.jpg used on input line 17.
(pdftex.def)             Requested size: 422.32678pt x 375.65251pt.

<imagens/logout.jpg, id=560, 364.36125pt x 268.75406pt>
File: imagens/logout.jpg Graphic file (type jpg)

<use imagens/logout.jpg>
Package pdftex.def Info: imagens/logout.jpg used on input line 24.
(pdftex.def)             Requested size: 364.36035pt x 268.7534pt.

<imagens/listar_entre_datas.jpg, id=561, 564.60938pt x 414.04688pt>
File: imagens/listar_entre_datas.jpg Graphic file (type jpg)

<use imagens/listar_entre_datas.jpg>
Package pdftex.def Info: imagens/listar_entre_datas.jpg used on input line 34.
(pdftex.def)             Requested size: 564.60799pt x 414.04585pt.

Overfull \hbox (109.3639pt too wide) in paragraph at lines 34--35
 [][] 
 []

[34

] [35 <C:/pedro/phppcr/relatorio/imagens/login.jpg>] [36 <C:/pedro/phppcr/relat
orio/imagens/logout.jpg>] [37 <C:/pedro/phppcr/relatorio/imagens/listar_entre_d
atas.jpg>]

LaTeX Warning: File `imagens/inscrever_em_avaliacao.jpg' not found on input lin
e 47.


! Package pdftex.def Error: File `imagens/inscrever_em_avaliacao.jpg' not found
.

See the pdftex.def package documentation for explanation.
Type  H <return>  for immediate help.
 ...                                              
                                                  
l.47 ...aphics{imagens/inscrever_em_avaliacao.jpg}
                                                  
? 

LaTeX Warning: File `imagens/cancelar_inscricao.jpg' not found on input line 54
.


! Package pdftex.def Error: File `imagens/cancelar_inscricao.jpg' not found.

See the pdftex.def package documentation for explanation.
Type  H <return>  for immediate help.
 ...                                              
                                                  
l.54 ...degraphics{imagens/cancelar_inscricao.jpg}
                                                  
? 
[38

]

LaTeX Warning: File `imagens/novo_momento_de_avaliacao.jpg' not found on input 
line 64.


! Package pdftex.def Error: File `imagens/novo_momento_de_avaliacao.jpg' not fo
und.

See the pdftex.def package documentation for explanation.
Type  H <return>  for immediate help.
 ...                                              
                                                  
l.64 ...ics{imagens/novo_momento_de_avaliacao.jpg}
                                                  
? 

LaTeX Warning: File `imagens/alterar_momento_de_avaliacao.jpg' not found on inp
ut line 71.


! Package pdftex.def Error: File `imagens/alterar_momento_de_avaliacao.jpg' not
 found.

See the pdftex.def package documentation for explanation.
Type  H <return>  for immediate help.
 ...                                              
                                                  
l.71 ...{imagens/alterar_momento_de_avaliacao.jpg}
                                                  
? 

LaTeX Warning: File `imagens/cancelar_momento_de_avaliacao.jpg' not found on in
put line 78.


! Package pdftex.def Error: File `imagens/cancelar_momento_de_avaliacao.jpg' no
t found.

See the pdftex.def package documentation for explanation.
Type  H <return>  for immediate help.
 ...                                              
                                                  
l.78 ...imagens/cancelar_momento_de_avaliacao.jpg}
                                                  
? 
[39

]

LaTeX Warning: File `imagens/validar_avaliacao.jpg' not found on input line 89.



! Package pdftex.def Error: File `imagens/validar_avaliacao.jpg' not found.

See the pdftex.def package documentation for explanation.
Type  H <return>  for immediate help.
 ...                                              
                                                  
l.89 ...udegraphics{imagens/validar_avaliacao.jpg}
                                                  
? 

LaTeX Warning: File `imagens/cancelar_validacao.jpg' not found on input line 96
.


! Package pdftex.def Error: File `imagens/cancelar_validacao.jpg' not found.

See the pdftex.def package documentation for explanation.
Type  H <return>  for immediate help.
 ...                                              
                                                  
l.96 ...degraphics{imagens/cancelar_validacao.jpg}
                                                  
? 

LaTeX Warning: File `imagens/alterar_data.jpg' not found on input line 103.


! Package pdftex.def Error: File `imagens/alterar_data.jpg' not found.

See the pdftex.def package documentation for explanation.
Type  H <return>  for immediate help.
 ...                                              
                                                  
l.103 \includegraphics{imagens/alterar_data.jpg}
                                                
? 
[40

]

LaTeX Warning: File `imagens/visualizar_momentos_de_avaliacao.jpg' not found on
 input line 114.


! Package pdftex.def Error: File `imagens/visualizar_momentos_de_avaliacao.jpg'
 not found.

See the pdftex.def package documentation for explanation.
Type  H <return>  for immediate help.
 ...                                              
                                                  
l.114 ...ens/visualizar_momentos_de_avaliacao.jpg}
                                                  
? 

LaTeX Warning: File `imagens/visualizar_momento_de_avaliacao.jpg' not found on 
input line 122.


! Package pdftex.def Error: File `imagens/visualizar_momento_de_avaliacao.jpg' 
not found.

See the pdftex.def package documentation for explanation.
Type  H <return>  for immediate help.
 ...                                              
                                                  
l.122 ...gens/visualizar_momento_de_avaliacao.jpg}
                                                  
? 

LaTeX Warning: File `imagens/visualizar_detalhes_de_momento_de_avaliacao.jpg' n
ot found on input line 129.


! Package pdftex.def Error: File `imagens/visualizar_detalhes_de_momento_de_ava
liacao.jpg' not found.

See the pdftex.def package documentation for explanation.
Type  H <return>  for immediate help.
 ...                                              
                                                  
l.129 ...zar_detalhes_de_momento_de_avaliacao.jpg}
                                                  
? 
) (C:\pedro\phppcr\relatorio\conclusoes.tex [41

]
Cap\'{\i }tulo 7.

Underfull \hbox (badness 10000) in paragraph at lines 7--10

 []

)
Package atveryend Info: Empty hook `BeforeClearDocument' on input line 56.
 [42

]
Package atveryend Info: Empty hook `AfterLastShipout' on input line 56.
 (C:\pedro\phppcr\relatorio\relatorio.aux)
Package atveryend Info: Executing hook `AtVeryEndDocument' on input line 56.
Package atveryend Info: Executing hook `AtEndAfterFileList' on input line 56.
Package rerunfilecheck Info: File `relatorio.out' has not changed.
(rerunfilecheck)             Checksum: E019A6CCD5A6F1D73C66A32089415135;4186.


LaTeX Warning: There were undefined references.

Package atveryend Info: Empty hook `AtVeryVeryEnd' on input line 56.
 ) 
Here is how much of TeX's memory you used:
 9386 strings out of 493921
 144447 string characters out of 3147292
 496871 words of memory out of 3000000
 12342 multiletter control sequences out of 15000+200000
 18696 words of font info for 47 fonts, out of 3000000 for 9000
 841 hyphenation exceptions out of 8191
 38i,6n,40p,652b,605s stack positions out of 5000i,500n,10000p,200000b,50000s
{C:/Program Files/MiKTeX 2.9/fonts/enc/dvips/fontname/8r.enc}<C:/Program File
s/MiKTeX 2.9/fonts/type1/public/amsfonts/cm/cmbx10.pfb><C:/Program Files/MiKTeX
 2.9/fonts/type1/public/amsfonts/cm/cmbx12.pfb><C:/Program Files/MiKTeX 2.9/fon
ts/type1/public/amsfonts/cm/cmcsc10.pfb><C:/Program Files/MiKTeX 2.9/fonts/type
1/public/amsfonts/cm/cmr10.pfb><C:/Program Files/MiKTeX 2.9/fonts/type1/public/
amsfonts/cm/cmr12.pfb><C:/Program Files/MiKTeX 2.9/fonts/type1/public/amsfonts/
cm/cmr8.pfb><C:/Program Files/MiKTeX 2.9/fonts/type1/public/amsfonts/cm/cmti10.
pfb><C:/Program Files/MiKTeX 2.9/fonts/type1/public/amsfonts/cm/cmtt10.pfb><C:/
Program Files/MiKTeX 2.9/fonts/type1/urw/helvetic/uhvb8ac.pfb>
Output written on relatorio.pdf (42 pages, 7211194 bytes).
PDF statistics:
 666 PDF objects out of 1000 (max. 8388607)
 155 named destinations out of 1000 (max. 500000)
 573 words of extra memory for PDF output out of 10000 (max. 10000000)

