\BOOKMARK [0][]{Doc-Start}{\315ndice Geral}{}% 1
\BOOKMARK [0][]{chapter*.1}{Lista de Figuras}{}% 2
\BOOKMARK [0][]{chapter.1}{Introdu\347\343o}{}% 3
\BOOKMARK [1][]{section.1.1}{Objectivos}{chapter.1}% 4
\BOOKMARK [1][]{section.1.2}{Problema}{chapter.1}% 5
\BOOKMARK [1][]{section.1.3}{Solu\347\343o}{chapter.1}% 6
\BOOKMARK [0][]{chapter.2}{Descri\347\343o Geral}{}% 7
\BOOKMARK [1][]{section.2.1}{Perspectiva}{chapter.2}% 8
\BOOKMARK [2][]{subsection.2.1.1}{Interfaces}{section.2.1}% 9
\BOOKMARK [2][]{subsection.2.1.2}{Fun\347\365es}{section.2.1}% 10
\BOOKMARK [2][]{subsection.2.1.3}{Caracter\355sticas do Utilizador}{section.2.1}% 11
\BOOKMARK [0][]{chapter.3}{Diagrama de Casos de Uso}{}% 12
\BOOKMARK [1][]{section.3.1}{EFECTUAR LOGIN}{chapter.3}% 13
\BOOKMARK [2][]{subsection.3.1.1}{Descri\347\343o}{section.3.1}% 14
\BOOKMARK [2][]{subsection.3.1.2}{Actores}{section.3.1}% 15
\BOOKMARK [2][]{subsection.3.1.3}{Cen\341rio Principal}{section.3.1}% 16
\BOOKMARK [2][]{subsection.3.1.4}{Extens\365es ou Varia\347\365es}{section.3.1}% 17
\BOOKMARK [1][]{section.3.2}{LISTAR AVALIA\307\325ES}{chapter.3}% 18
\BOOKMARK [2][]{subsection.3.2.1}{Descri\347\343o}{section.3.2}% 19
\BOOKMARK [2][]{subsection.3.2.2}{Pr\351-condi\347\365es}{section.3.2}% 20
\BOOKMARK [2][]{subsection.3.2.3}{Actores}{section.3.2}% 21
\BOOKMARK [2][]{subsection.3.2.4}{Cen\341rio Principal}{section.3.2}% 22
\BOOKMARK [2][]{subsection.3.2.5}{Extens\365es ou Varia\347\365es}{section.3.2}% 23
\BOOKMARK [1][]{section.3.3}{VALIDAR AVALIA\307\325ES}{chapter.3}% 24
\BOOKMARK [2][]{subsection.3.3.1}{Descri\347\343o}{section.3.3}% 25
\BOOKMARK [2][]{subsection.3.3.2}{Pr\351-condi\347\365es}{section.3.3}% 26
\BOOKMARK [2][]{subsection.3.3.3}{Actores}{section.3.3}% 27
\BOOKMARK [2][]{subsection.3.3.4}{Cen\341rio Principal}{section.3.3}% 28
\BOOKMARK [2][]{subsection.3.3.5}{Extens\365es ou Varia\347\365es}{section.3.3}% 29
\BOOKMARK [1][]{section.3.4}{MARCAR AVALIA\307\303O}{chapter.3}% 30
\BOOKMARK [2][]{subsection.3.4.1}{Descri\347\343o}{section.3.4}% 31
\BOOKMARK [2][]{subsection.3.4.2}{Pr\351-condi\347\365es}{section.3.4}% 32
\BOOKMARK [2][]{subsection.3.4.3}{Actores}{section.3.4}% 33
\BOOKMARK [2][]{subsection.3.4.4}{Cen\341rio Principal}{section.3.4}% 34
\BOOKMARK [2][]{subsection.3.4.5}{Extens\365es ou Varia\347\365es}{section.3.4}% 35
\BOOKMARK [1][]{section.3.5}{INSCREVER EM AVALIA\307\303O}{chapter.3}% 36
\BOOKMARK [2][]{subsection.3.5.1}{Descri\347\343o}{section.3.5}% 37
\BOOKMARK [2][]{subsection.3.5.2}{Pr\351-condi\347\365es}{section.3.5}% 38
\BOOKMARK [2][]{subsection.3.5.3}{Actores}{section.3.5}% 39
\BOOKMARK [2][]{subsection.3.5.4}{Cen\341rio Principal}{section.3.5}% 40
\BOOKMARK [2][]{subsection.3.5.5}{Extens\365es ou Varia\347\365es}{section.3.5}% 41
\BOOKMARK [0][]{chapter.4}{Modela\347\343o da Base de Dados}{}% 42
\BOOKMARK [0][]{chapter.5}{Modela\347\343o UML}{}% 43
\BOOKMARK [1][]{section.5.1}{Diagrama de Classes}{chapter.5}% 44
\BOOKMARK [1][]{section.5.2}{Diagramas de Sequ\352ncia}{chapter.5}% 45
\BOOKMARK [2][]{subsection.5.2.1}{Efectuar Login}{section.5.2}% 46
\BOOKMARK [2][]{subsection.5.2.2}{Listar Avalia\347\365es}{section.5.2}% 47
\BOOKMARK [2][]{subsection.5.2.3}{Inscri\347\343o em Avalia\347\343o}{section.5.2}% 48
\BOOKMARK [2][]{subsection.5.2.4}{Marcar Avalia\347\343o}{section.5.2}% 49
\BOOKMARK [2][]{subsection.5.2.5}{Validar Avalia\347\365es}{section.5.2}% 50
\BOOKMARK [0][]{chapter.6}{Conclus\343o}{}% 51
